\BOOKMARK [1][-]{section.1}{Introduktion}{}% 1
\BOOKMARK [1][-]{section.2}{Referensdokument}{}% 2
\BOOKMARK [1][-]{section.3}{\326verblick}{}% 3
\BOOKMARK [1][-]{section.4}{Test}{}% 4
\BOOKMARK [2][-]{subsection.4.1}{Testmilj\366er}{section.4}% 5
\BOOKMARK [2][-]{subsection.4.2}{Testfall}{section.4}% 6
\BOOKMARK [1][-]{section.5}{Kontrollkrav f\366r granskning}{}% 7
\BOOKMARK [1][-]{section.6}{Appendix}{}% 8
\BOOKMARK [2][-]{subsection.6.1}{Administrat\366r}{section.6}% 9
\BOOKMARK [2][-]{subsection.6.2}{Projektledare}{section.6}% 10
\BOOKMARK [2][-]{subsection.6.3}{Anv\344ndare}{section.6}% 11
\BOOKMARK [1][-]{section.7}{Kvalitetskrav}{}% 12
\BOOKMARK [1][-]{section.8}{Projektkrav}{}% 13
\BOOKMARK [1][-]{section.9}{Designkrav}{}% 14
\BOOKMARK [2][-]{subsection.9.1}{}{section.9}% 15
\BOOKMARK [2][-]{subsection.9.2}{}{section.9}% 16
\BOOKMARK [2][-]{subsection.9.3}{ }{section.9}% 17
\BOOKMARK [2][-]{subsection.9.4}{ }{section.9}% 18
\BOOKMARK [2][-]{subsection.9.5}{ }{section.9}% 19
\BOOKMARK [1][-]{section.10}{Test/krav matris}{}% 20
